<?xml version="1.0" encoding="UTF-8"?>
<!-- Generated by org.testng.reporters.JUnitXMLReporter -->
<testsuite ignored="0" hostname="Desktop-Monitor-1st-Floor-Room3" failures="0" tests="3" name="Default test" time="5.026" errors="0" timestamp="2024-12-17T09:12:26 IST">
  <testcase classname="datadriventesting.LearnParameterization" name="learnPara" time="1.664"/>
  <testcase classname="datadriventesting.LearnParameterization" name="learnPara" time="1.646"/>
  <testcase classname="datadriventesting.LearnParameterization" name="learnPara" time="1.662"/>
</testsuite> <!-- Default test -->
