<?xml version="1.0" encoding="UTF-8"?>
<testng-results ignored="0" total="3" passed="3" failed="0" skipped="0">
  <reporter-output>
  </reporter-output>
  <suite started-at="2024-12-17T09:12:21 IST" name="Default suite" finished-at="2024-12-17T09:12:26 IST" duration-ms="5026">
    <groups>
    </groups>
    <test started-at="2024-12-17T09:12:21 IST" name="Default test" finished-at="2024-12-17T09:12:26 IST" duration-ms="5026">
      <class name="datadriventesting.LearnParameterization">
        <test-method signature="learnPara(java.lang.String,java.lang.String)[pri:0, instance:datadriventesting.LearnParameterization@6150c3ec]" started-at="2024-12-17T09:12:21 IST" name="learnPara" data-provider="getData" finished-at="2024-12-17T09:12:23 IST" duration-ms="1664" status="PASS">
          <params>
            <param index="0">
              <value>
                <![CDATA[admin]]>
              </value>
            </param>
            <param index="1">
              <value>
                <![CDATA[manager]]>
              </value>
            </param>
          </params>
          <reporter-output>
          </reporter-output>
        </test-method> <!-- learnPara -->
        <test-method signature="learnPara(java.lang.String,java.lang.String)[pri:0, instance:datadriventesting.LearnParameterization@6150c3ec]" started-at="2024-12-17T09:12:23 IST" name="learnPara" data-provider="getData" finished-at="2024-12-17T09:12:25 IST" duration-ms="1646" status="PASS">
          <params>
            <param index="0">
              <value>
                <![CDATA[Dinga]]>
              </value>
            </param>
            <param index="1">
              <value>
                <![CDATA[Dingi]]>
              </value>
            </param>
          </params>
          <reporter-output>
          </reporter-output>
        </test-method> <!-- learnPara -->
        <test-method signature="learnPara(java.lang.String,java.lang.String)[pri:0, instance:datadriventesting.LearnParameterization@6150c3ec]" started-at="2024-12-17T09:12:25 IST" name="learnPara" data-provider="getData" finished-at="2024-12-17T09:12:26 IST" duration-ms="1662" status="PASS">
          <params>
            <param index="0">
              <value>
                <![CDATA[Upendra]]>
              </value>
            </param>
            <param index="1">
              <value>
                <![CDATA[UI]]>
              </value>
            </param>
          </params>
          <reporter-output>
          </reporter-output>
        </test-method> <!-- learnPara -->
      </class> <!-- datadriventesting.LearnParameterization -->
    </test> <!-- Default test -->
  </suite> <!-- Default suite -->
</testng-results>
